<?xml version="1.0" encoding="UTF-8"?>
<!-- Generated by org.testng.reporters.JUnitXMLReporter -->
<testsuite ignored="0" hostname="DESKTOP-OT8VNT7" failures="0" tests="34" name="UserRestAPISuite" time="23.434" errors="0" timestamp="2023-01-25T13:29:26 EST">
  <testcase classname="com.RestAssured.testCases.TC001_GET_REQUEST" name="checkContentEncoding" time="0.005"/>
  <testcase classname="com.RestAssured.testCases.TC001_GET_REQUEST" name="checkContentLength" time="0.003"/>
  <testcase classname="com.RestAssured.testCases.TC001_GET_REQUEST" name="checkContentType" time="0.003"/>
  <testcase classname="com.RestAssured.testCases.TC001_GET_REQUEST" name="checkCookies" time="0.001"/>
  <testcase classname="com.RestAssured.testCases.TC001_GET_REQUEST" name="checkResponseBody" time="0.038"/>
  <testcase classname="com.RestAssured.testCases.TC001_GET_REQUEST" name="checkResponseTime" time="0.005"/>
  <testcase classname="com.RestAssured.testCases.TC001_GET_REQUEST" name="checkServerType" time="0.002"/>
  <testcase classname="com.RestAssured.testCases.TC001_GET_REQUEST" name="checkStatusCode" time="0.002"/>
  <testcase classname="com.RestAssured.testCases.TC001_GET_REQUEST" name="checkStatusLine" time="0.005"/>
  <testcase classname="com.RestAssured.testCases.TC002_POST_REQUEST" name="checkContentType" time="0.002"/>
  <testcase classname="com.RestAssured.testCases.TC002_POST_REQUEST" name="checkResponseTime" time="0.008"/>
  <testcase classname="com.RestAssured.testCases.TC002_POST_REQUEST" name="checkServerType" time="0.001"/>
  <testcase classname="com.RestAssured.testCases.TC002_POST_REQUEST" name="checkStatusCode" time="0.007"/>
  <testcase classname="com.RestAssured.testCases.TC002_POST_REQUEST" name="checkStatusLine" time="0.005"/>
  <testcase classname="com.RestAssured.testCases.TC002_POST_REQUEST" name="checkSuccessCode" time="2.528"/>
  <testcase classname="com.RestAssured.testCases.TC003_GET_REQUEST" name="checkContentEncoding" time="0.003"/>
  <testcase classname="com.RestAssured.testCases.TC003_GET_REQUEST" name="checkContentLength" time="0.001"/>
  <testcase classname="com.RestAssured.testCases.TC003_GET_REQUEST" name="checkContentType" time="0.001"/>
  <testcase classname="com.RestAssured.testCases.TC003_GET_REQUEST" name="checkResponseBody" time="0.004"/>
  <testcase classname="com.RestAssured.testCases.TC003_GET_REQUEST" name="checkResponseTime" time="0.001"/>
  <testcase classname="com.RestAssured.testCases.TC003_GET_REQUEST" name="checkServerType" time="0.002"/>
  <testcase classname="com.RestAssured.testCases.TC003_GET_REQUEST" name="checkStatusCode" time="0.003"/>
  <testcase classname="com.RestAssured.testCases.TC003_GET_REQUEST" name="checkStatusLine" time="0.0"/>
  <testcase classname="com.RestAssured.testCases.TC004_PUT_REQUEST" name="checkContentType" time="0.003"/>
  <testcase classname="com.RestAssured.testCases.TC004_PUT_REQUEST" name="checkResponseTime" time="0.005"/>
  <testcase classname="com.RestAssured.testCases.TC004_PUT_REQUEST" name="checkServerType" time="0.002"/>
  <testcase classname="com.RestAssured.testCases.TC004_PUT_REQUEST" name="checkStatusCode" time="0.002"/>
  <testcase classname="com.RestAssured.testCases.TC004_PUT_REQUEST" name="checkStatusLine" time="0.002"/>
  <testcase classname="com.RestAssured.testCases.TC004_PUT_REQUEST" name="checkSuccessCode" time="0.035"/>
  <testcase classname="com.RestAssured.testCases.TC005_DELETE_REQUEST" name="checkResponseTime" time="0.004"/>
  <testcase classname="com.RestAssured.testCases.TC005_DELETE_REQUEST" name="checkServerType" time="0.001"/>
  <testcase classname="com.RestAssured.testCases.TC005_DELETE_REQUEST" name="checkStatusCode" time="0.001"/>
  <testcase classname="com.RestAssured.testCases.TC005_DELETE_REQUEST" name="checkStatusLine" time="0.001"/>
  <testcase classname="com.RestAssured.testCases.TC006_GET_REQUEST" name="getListOfUsersAll_Nodes" time="0.553"/>
</testsuite> <!-- UserRestAPISuite -->
