<?xml version="1.0" encoding="UTF-8"?>
<!-- Generated by org.testng.reporters.JUnitXMLReporter -->
<testsuite hostname="DESKTOP-OT8VNT7" ignored="0" name="UserRestAPISuite" tests="34" failures="0" timestamp="2023-01-25T12:57:03 EST" time="27.727" errors="0">
  <testcase name="checkContentEncoding" time="0.026" classname="com.RestAssured.testCases.TC001_GET_REQUEST"/>
  <testcase name="checkContentLength" time="0.003" classname="com.RestAssured.testCases.TC001_GET_REQUEST"/>
  <testcase name="checkContentType" time="0.007" classname="com.RestAssured.testCases.TC001_GET_REQUEST"/>
  <testcase name="checkCookies" time="0.003" classname="com.RestAssured.testCases.TC001_GET_REQUEST"/>
  <testcase name="checkResponseBody" time="0.036" classname="com.RestAssured.testCases.TC001_GET_REQUEST"/>
  <testcase name="checkResponseTime" time="0.013" classname="com.RestAssured.testCases.TC001_GET_REQUEST"/>
  <testcase name="checkServerType" time="0.005" classname="com.RestAssured.testCases.TC001_GET_REQUEST"/>
  <testcase name="checkStatusCode" time="0.041" classname="com.RestAssured.testCases.TC001_GET_REQUEST"/>
  <testcase name="checkStatusLine" time="0.003" classname="com.RestAssured.testCases.TC001_GET_REQUEST"/>
  <testcase name="checkContentType" time="0.004" classname="com.RestAssured.testCases.TC002_POST_REQUEST"/>
  <testcase name="checkResponseTime" time="0.003" classname="com.RestAssured.testCases.TC002_POST_REQUEST"/>
  <testcase name="checkServerType" time="0.004" classname="com.RestAssured.testCases.TC002_POST_REQUEST"/>
  <testcase name="checkStatusCode" time="0.001" classname="com.RestAssured.testCases.TC002_POST_REQUEST"/>
  <testcase name="checkStatusLine" time="0.006" classname="com.RestAssured.testCases.TC002_POST_REQUEST"/>
  <testcase name="checkSuccessCode" time="3.541" classname="com.RestAssured.testCases.TC002_POST_REQUEST"/>
  <testcase name="checkContentEncoding" time="0.008" classname="com.RestAssured.testCases.TC003_GET_REQUEST"/>
  <testcase name="checkContentLength" time="0.003" classname="com.RestAssured.testCases.TC003_GET_REQUEST"/>
  <testcase name="checkContentType" time="0.004" classname="com.RestAssured.testCases.TC003_GET_REQUEST"/>
  <testcase name="checkResponseBody" time="0.002" classname="com.RestAssured.testCases.TC003_GET_REQUEST"/>
  <testcase name="checkResponseTime" time="0.003" classname="com.RestAssured.testCases.TC003_GET_REQUEST"/>
  <testcase name="checkServerType" time="0.001" classname="com.RestAssured.testCases.TC003_GET_REQUEST"/>
  <testcase name="checkStatusCode" time="0.001" classname="com.RestAssured.testCases.TC003_GET_REQUEST"/>
  <testcase name="checkStatusLine" time="0.004" classname="com.RestAssured.testCases.TC003_GET_REQUEST"/>
  <testcase name="checkContentType" time="0.003" classname="com.RestAssured.testCases.TC004_PUT_REQUEST"/>
  <testcase name="checkResponseTime" time="0.004" classname="com.RestAssured.testCases.TC004_PUT_REQUEST"/>
  <testcase name="checkServerType" time="0.002" classname="com.RestAssured.testCases.TC004_PUT_REQUEST"/>
  <testcase name="checkStatusCode" time="0.002" classname="com.RestAssured.testCases.TC004_PUT_REQUEST"/>
  <testcase name="checkStatusLine" time="0.01" classname="com.RestAssured.testCases.TC004_PUT_REQUEST"/>
  <testcase name="checkSuccessCode" time="0.135" classname="com.RestAssured.testCases.TC004_PUT_REQUEST"/>
  <testcase name="checkResponseTime" time="0.002" classname="com.RestAssured.testCases.TC005_DELETE_REQUEST"/>
  <testcase name="checkServerType" time="0.002" classname="com.RestAssured.testCases.TC005_DELETE_REQUEST"/>
  <testcase name="checkStatusCode" time="0.004" classname="com.RestAssured.testCases.TC005_DELETE_REQUEST"/>
  <testcase name="checkStatusLine" time="0.005" classname="com.RestAssured.testCases.TC005_DELETE_REQUEST"/>
  <testcase name="getListOfUsersAll_Nodes" time="0.471" classname="com.RestAssured.testCases.TC006_GET_REQUEST"/>
</testsuite> <!-- UserRestAPISuite -->
