<?xml version="1.0" encoding="UTF-8"?>
<!-- Generated by org.testng.reporters.JUnitXMLReporter -->
<testsuite hostname="DESKTOP-OT8VNT7" ignored="0" name="Default test" tests="4" failures="0" timestamp="2023-01-25T11:44:06 EST" time="7.438" errors="0">
  <testcase name="checkResponseTime" time="0.013" classname="com.RestAssured.testCases.TC_005_DELETE_REQUEST"/>
  <testcase name="checkServerType" time="0.001" classname="com.RestAssured.testCases.TC_005_DELETE_REQUEST"/>
  <testcase name="checkStatusCode" time="0.003" classname="com.RestAssured.testCases.TC_005_DELETE_REQUEST"/>
  <testcase name="checkStatusLine" time="0.008" classname="com.RestAssured.testCases.TC_005_DELETE_REQUEST"/>
</testsuite> <!-- Default test -->
