<?xml version="1.0" encoding="UTF-8"?>
<testsuite xmlns:xsi="http://www.w3.org/2001/XMLSchema-instance" xsi:noNamespaceSchemaLocation="https://maven.apache.org/surefire/maven-surefire-plugin/xsd/surefire-test-report-3.0.xsd" version="3.0" name="TestSuite" time="25.994" tests="34" errors="0" skipped="0" failures="0">
  <properties>
[...]
</properties>
  <testcase name="checkContentEncoding" classname="com.RestAssured.testCases.TC001_GET_REQUEST" time="0.017">
    <system-out><![CDATA[ INFO [main] (TC001_GET_REQUEST.java:19)- *****************Started TC001_Get_List_of_User*********************
 INFO [main] (TC001_GET_REQUEST.java:97)- *****************Checking Content Encoding*********************
 INFO [main] (TC001_GET_REQUEST.java:100)- Content-Encoding is ==> gzip
]]></system-out>
  </testcase>
  <testcase name="checkContentLength" classname="com.RestAssured.testCases.TC001_GET_REQUEST" time="0.003">
    <system-out><![CDATA[ INFO [main] (TC001_GET_REQUEST.java:106)- *****************Checking Content Length*********************
 INFO [main] (TC001_GET_REQUEST.java:109)- Content-Length is ==> null
]]></system-out>
  </testcase>
  <testcase name="checkContentType" classname="com.RestAssured.testCases.TC001_GET_REQUEST" time="0.004">
    <system-out><![CDATA[ INFO [main] (TC001_GET_REQUEST.java:79)- *****************Checking Content Type*********************
 INFO [main] (TC001_GET_REQUEST.java:82)- Content type is ==> application/json; charset=utf-8
]]></system-out>
  </testcase>
  <testcase name="checkCookies" classname="com.RestAssured.testCases.TC001_GET_REQUEST" time="0.003">
    <system-out><![CDATA[ INFO [main] (TC001_GET_REQUEST.java:115)- *****************Checking Cookies*********************
]]></system-out>
  </testcase>
  <testcase name="checkResponseBody" classname="com.RestAssured.testCases.TC001_GET_REQUEST" time="0.038">
    <system-out><![CDATA[ INFO [main] (TC001_GET_REQUEST.java:37)- *****************Checking Response Body*********************
 INFO [main] (TC001_GET_REQUEST.java:40)- Response Body==> {"page":2,"per_page":6,"total":12,"total_pages":2,"data":[{"id":7,"email":"michael.lawson@reqres.in","first_name":"Michael","last_name":"Lawson","avatar":"https://reqres.in/img/faces/7-image.jpg"},{"id":8,"email":"lindsay.ferguson@reqres.in","first_name":"Lindsay","last_name":"Ferguson","avatar":"https://reqres.in/img/faces/8-image.jpg"},{"id":9,"email":"tobias.funke@reqres.in","first_name":"Tobias","last_name":"Funke","avatar":"https://reqres.in/img/faces/9-image.jpg"},{"id":10,"email":"byron.fields@reqres.in","first_name":"Byron","last_name":"Fields","avatar":"https://reqres.in/img/faces/10-image.jpg"},{"id":11,"email":"george.edwards@reqres.in","first_name":"George","last_name":"Edwards","avatar":"https://reqres.in/img/faces/11-image.jpg"},{"id":12,"email":"rachel.howell@reqres.in","first_name":"Rachel","last_name":"Howell","avatar":"https://reqres.in/img/faces/12-image.jpg"}],"support":{"url":"https://reqres.in/#support-heading","text":"To keep ReqRes free, contributions towards server costs are appreciated!"}}
]]></system-out>
  </testcase>
  <testcase name="checkResponseTime" classname="com.RestAssured.testCases.TC001_GET_REQUEST" time="0.005">
    <system-out><![CDATA[ INFO [main] (TC001_GET_REQUEST.java:57)- *****************Checking Response Time*********************
 INFO [main] (TC001_GET_REQUEST.java:60)- Response Time is==> 1132
]]></system-out>
  </testcase>
  <testcase name="checkServerType" classname="com.RestAssured.testCases.TC001_GET_REQUEST" time="0.001">
    <system-out><![CDATA[ INFO [main] (TC001_GET_REQUEST.java:88)- *****************Checking Server Type*********************
 INFO [main] (TC001_GET_REQUEST.java:91)- Server Type is ==> cloudflare
]]></system-out>
  </testcase>
  <testcase name="checkStatusCode" classname="com.RestAssured.testCases.TC001_GET_REQUEST" time="0.003">
    <system-out><![CDATA[ INFO [main] (TC001_GET_REQUEST.java:47)- *****************Checking Status Code*********************
 INFO [main] (TC001_GET_REQUEST.java:50)- Status Code==> 200
]]></system-out>
  </testcase>
  <testcase name="checkStatusLine" classname="com.RestAssured.testCases.TC001_GET_REQUEST" time="0.008">
    <system-out><![CDATA[ INFO [main] (TC001_GET_REQUEST.java:70)- *****************Checking Status Line*********************
 INFO [main] (TC001_GET_REQUEST.java:73)- Status Line is==> HTTP/1.1 200 OK
]]></system-out>
  </testcase>
  <testcase name="checkContentType" classname="com.RestAssured.testCases.TC002_POST_REQUEST" time="0.004">
    <system-out><![CDATA[ INFO [main] (TC001_GET_REQUEST.java:123)- *****************Finished TC001_Get_List_of_User*********************
 INFO [main] (TC002_POST_REQUEST.java:24)- *****************Started TC002_Post_User_Details*********************
 INFO [main] (TC002_POST_REQUEST.java:93)- *****************Checking Content Type*********************
 INFO [main] (TC002_POST_REQUEST.java:96)- Content type is ==> application/json; charset=utf-8
]]></system-out>
  </testcase>
  <testcase name="checkResponseTime" classname="com.RestAssured.testCases.TC002_POST_REQUEST" time="0.005">
    <system-out><![CDATA[ INFO [main] (TC002_POST_REQUEST.java:71)- *****************Checking Response Time*********************
 INFO [main] (TC002_POST_REQUEST.java:74)- Response Time is==> 448
]]></system-out>
  </testcase>
  <testcase name="checkServerType" classname="com.RestAssured.testCases.TC002_POST_REQUEST" time="0.015">
    <system-out><![CDATA[ INFO [main] (TC002_POST_REQUEST.java:102)- *****************Checking Server Type*********************
 INFO [main] (TC002_POST_REQUEST.java:105)- Server Type is ==> cloudflare
]]></system-out>
  </testcase>
  <testcase name="checkStatusCode" classname="com.RestAssured.testCases.TC002_POST_REQUEST" time="0.007">
    <system-out><![CDATA[ INFO [main] (TC002_POST_REQUEST.java:61)- *****************Checking Status Code*********************
 INFO [main] (TC002_POST_REQUEST.java:64)- Status Code==> 201
]]></system-out>
  </testcase>
  <testcase name="checkStatusLine" classname="com.RestAssured.testCases.TC002_POST_REQUEST" time="0.126">
    <system-out><![CDATA[ INFO [main] (TC002_POST_REQUEST.java:84)- *****************Checking Status Line*********************
 INFO [main] (TC002_POST_REQUEST.java:87)- Status Line is==> HTTP/1.1 201 Created
]]></system-out>
  </testcase>
  <testcase name="checkSuccessCode" classname="com.RestAssured.testCases.TC002_POST_REQUEST" time="2.393">
    <system-out><![CDATA[ INFO [main] (TC002_POST_REQUEST.java:49)- *****************Checking Success Code*********************
 INFO [main] (TC002_POST_REQUEST.java:52)- Success Code ==> JohnY
]]></system-out>
  </testcase>
  <testcase name="checkContentEncoding" classname="com.RestAssured.testCases.TC003_GET_REQUEST" time="0.002">
    <system-out><![CDATA[ INFO [main] (TC002_POST_REQUEST.java:114)- *****************Finished TC002_Post_User_Details*********************
 INFO [main] (TC003_GET_REQUEST.java:19)- *****************Started TC003_Get_Single_User_Details*********************
 INFO [main] (TC003_GET_REQUEST.java:96)- *****************Checking Content Encoding*********************
 INFO [main] (TC003_GET_REQUEST.java:99)- Content-Encoding is ==> gzip
]]></system-out>
  </testcase>
  <testcase name="checkContentLength" classname="com.RestAssured.testCases.TC003_GET_REQUEST" time="0.006">
    <system-out><![CDATA[ INFO [main] (TC003_GET_REQUEST.java:105)- *****************Checking Content Length*********************
 INFO [main] (TC003_GET_REQUEST.java:108)- Content-Length is ==> null
]]></system-out>
  </testcase>
  <testcase name="checkContentType" classname="com.RestAssured.testCases.TC003_GET_REQUEST" time="0.002">
    <system-out><![CDATA[ INFO [main] (TC003_GET_REQUEST.java:78)- *****************Checking Content Type*********************
 INFO [main] (TC003_GET_REQUEST.java:81)- Content type is ==> application/json; charset=utf-8
]]></system-out>
  </testcase>
  <testcase name="checkResponseBody" classname="com.RestAssured.testCases.TC003_GET_REQUEST" time="0.008">
    <system-out><![CDATA[ INFO [main] (TC003_GET_REQUEST.java:36)- *****************Checking Response Body*********************
 INFO [main] (TC003_GET_REQUEST.java:39)- Response Body==> {"data":{"id":2,"email":"janet.weaver@reqres.in","first_name":"Janet","last_name":"Weaver","avatar":"https://reqres.in/img/faces/2-image.jpg"},"support":{"url":"https://reqres.in/#support-heading","text":"To keep ReqRes free, contributions towards server costs are appreciated!"}}
]]></system-out>
  </testcase>
  <testcase name="checkResponseTime" classname="com.RestAssured.testCases.TC003_GET_REQUEST" time="0.004">
    <system-out><![CDATA[ INFO [main] (TC003_GET_REQUEST.java:56)- *****************Checking Response Time*********************
 INFO [main] (TC003_GET_REQUEST.java:59)- Response Time is==> 180
]]></system-out>
  </testcase>
  <testcase name="checkServerType" classname="com.RestAssured.testCases.TC003_GET_REQUEST" time="0.006">
    <system-out><![CDATA[ INFO [main] (TC003_GET_REQUEST.java:87)- *****************Checking Server Type*********************
 INFO [main] (TC003_GET_REQUEST.java:90)- Server Type is ==> cloudflare
]]></system-out>
  </testcase>
  <testcase name="checkStatusCode" classname="com.RestAssured.testCases.TC003_GET_REQUEST" time="0.004">
    <system-out><![CDATA[ INFO [main] (TC003_GET_REQUEST.java:46)- *****************Checking Status Code*********************
 INFO [main] (TC003_GET_REQUEST.java:49)- Status Code==> 200
]]></system-out>
  </testcase>
  <testcase name="checkStatusLine" classname="com.RestAssured.testCases.TC003_GET_REQUEST" time="0.003">
    <system-out><![CDATA[ INFO [main] (TC003_GET_REQUEST.java:69)- *****************Checking Status Line*********************
 INFO [main] (TC003_GET_REQUEST.java:72)- Status Line is==> HTTP/1.1 200 OK
]]></system-out>
  </testcase>
  <testcase name="checkContentType" classname="com.RestAssured.testCases.TC004_PUT_REQUEST" time="0.017">
    <system-out><![CDATA[ INFO [main] (TC003_GET_REQUEST.java:117)- *****************Finished TC003_Get_Single_User_Details*********************
 INFO [main] (TC004_PUT_REQUEST.java:22)- *****************Started TC004_Update_User_Details*********************
 INFO [main] (TC004_PUT_REQUEST.java:89)- *****************Checking Content Type*********************
 INFO [main] (TC004_PUT_REQUEST.java:92)- Content type is ==> application/json; charset=utf-8
]]></system-out>
  </testcase>
  <testcase name="checkResponseTime" classname="com.RestAssured.testCases.TC004_PUT_REQUEST" time="0.007">
    <system-out><![CDATA[ INFO [main] (TC004_PUT_REQUEST.java:67)- *****************Checking Response Time*********************
 INFO [main] (TC004_PUT_REQUEST.java:70)- Response Time is==> 363
]]></system-out>
  </testcase>
  <testcase name="checkServerType" classname="com.RestAssured.testCases.TC004_PUT_REQUEST" time="0.006">
    <system-out><![CDATA[ INFO [main] (TC004_PUT_REQUEST.java:98)- *****************Checking Server Type*********************
 INFO [main] (TC004_PUT_REQUEST.java:101)- Server Type is ==> cloudflare
]]></system-out>
  </testcase>
  <testcase name="checkStatusCode" classname="com.RestAssured.testCases.TC004_PUT_REQUEST" time="0.007">
    <system-out><![CDATA[ INFO [main] (TC004_PUT_REQUEST.java:57)- *****************Checking Status Code*********************
 INFO [main] (TC004_PUT_REQUEST.java:60)- Status Code==> 200
]]></system-out>
  </testcase>
  <testcase name="checkStatusLine" classname="com.RestAssured.testCases.TC004_PUT_REQUEST" time="0.001">
    <system-out><![CDATA[ INFO [main] (TC004_PUT_REQUEST.java:80)- *****************Checking Status Line*********************
 INFO [main] (TC004_PUT_REQUEST.java:83)- Status Line is==> HTTP/1.1 200 OK
]]></system-out>
  </testcase>
  <testcase name="checkSuccessCode" classname="com.RestAssured.testCases.TC004_PUT_REQUEST" time="0.026">
    <system-out><![CDATA[ INFO [main] (TC004_PUT_REQUEST.java:45)- *****************Checking Success Code*********************
 INFO [main] (TC004_PUT_REQUEST.java:48)- Success Code ==> JohnM
]]></system-out>
  </testcase>
  <testcase name="checkResponseTime" classname="com.RestAssured.testCases.TC005_DELETE_REQUEST" time="0.003">
    <system-out><![CDATA[ INFO [main] (TC004_PUT_REQUEST.java:110)- *****************Finished TC004_Update_User_Details*********************
 INFO [main] (TC005_DELETE_REQUEST.java:19)- *****************Started TC005_Delete_First_User*********************
 INFO [main] (TC005_DELETE_REQUEST.java:53)- *****************Checking Response Time*********************
 INFO [main] (TC005_DELETE_REQUEST.java:56)- Response Time is==> 376
]]></system-out>
  </testcase>
  <testcase name="checkServerType" classname="com.RestAssured.testCases.TC005_DELETE_REQUEST" time="0.013">
    <system-out><![CDATA[ INFO [main] (TC005_DELETE_REQUEST.java:75)- *****************Checking Server Type*********************
 INFO [main] (TC005_DELETE_REQUEST.java:78)- Server Type is ==> cloudflare
]]></system-out>
  </testcase>
  <testcase name="checkStatusCode" classname="com.RestAssured.testCases.TC005_DELETE_REQUEST" time="0.001">
    <system-out><![CDATA[ INFO [main] (TC005_DELETE_REQUEST.java:43)- *****************Checking Status Code*********************
 INFO [main] (TC005_DELETE_REQUEST.java:46)- Status Code==> 204
]]></system-out>
  </testcase>
  <testcase name="checkStatusLine" classname="com.RestAssured.testCases.TC005_DELETE_REQUEST" time="0.006">
    <system-out><![CDATA[ INFO [main] (TC005_DELETE_REQUEST.java:66)- *****************Checking Status Line*********************
 INFO [main] (TC005_DELETE_REQUEST.java:69)- Status Line is==> HTTP/1.1 204 No Content
]]></system-out>
  </testcase>
  <testcase name="getListOfUsersAll_Nodes" classname="com.RestAssured.testCases.TC006_GET_REQUEST" time="0.552">
    <system-out><![CDATA[ INFO [main] (TC005_DELETE_REQUEST.java:87)- *****************Finished TC005_Delete_First_User*********************
Janet
Weaver
https://reqres.in/img/faces/2-image.jpg
https://reqres.in/#support-heading
To keep ReqRes free, contributions towards server costs are appreciated!
]]></system-out>
  </testcase>
</testsuite>