<?xml version="1.0" encoding="UTF-8"?>
<!-- Generated by org.testng.reporters.JUnitReportReporter -->
<testsuite hostname="DESKTOP-OT8VNT7" failures="0" tests="6" name="com.RestAssured.testCases.TC004_PUT_REQUEST" time="0.049" errors="0" timestamp="2023-01-25T13:29:27 EST" skipped="0">
  <testcase classname="com.RestAssured.testCases.TC004_PUT_REQUEST" name="checkContentType" time="0.003"/>
  <system-out/>
  <testcase classname="com.RestAssured.testCases.TC004_PUT_REQUEST" name="checkStatusLine" time="0.002"/>
  <system-out/>
  <testcase classname="com.RestAssured.testCases.TC004_PUT_REQUEST" name="checkResponseTime" time="0.005"/>
  <system-out/>
  <testcase classname="com.RestAssured.testCases.TC004_PUT_REQUEST" name="checkServerType" time="0.002"/>
  <system-out/>
  <testcase classname="com.RestAssured.testCases.TC004_PUT_REQUEST" name="checkStatusCode" time="0.002"/>
  <system-out/>
  <testcase classname="com.RestAssured.testCases.TC004_PUT_REQUEST" name="checkSuccessCode" time="0.035"/>
  <system-out/>
</testsuite> <!-- com.RestAssured.testCases.TC004_PUT_REQUEST -->
